SF:lib/characters_list/bloc/characters_state.dart
DA:6,3
DA:16,1
DA:21,1
DA:22,0
DA:23,1
DA:24,1
DA:28,1
DA:30,4
DA:33,1
DA:34,4
LF:10
LH:9
end_of_record
SF:lib/characters_list/bloc/characters_event.dart
DA:7,0
DA:8,0
LF:2
LH:0
end_of_record
SF:lib/characters_list/bloc/characters_bloc.dart
DA:18,1
DA:19,1
DA:20,3
DA:25,2
DA:26,1
DA:27,1
DA:28,1
DA:34,1
DA:35,2
DA:37,3
DA:38,2
DA:39,1
DA:40,2
DA:47,0
DA:48,0
DA:49,0
DA:51,0
DA:53,0
DA:58,1
DA:59,3
LF:20
LH:15
end_of_record
SF:lib/models/character.dart
DA:14,1
DA:24,0
DA:25,0
DA:26,0
DA:27,0
DA:28,0
DA:29,0
DA:30,0
DA:31,0
DA:32,0
DA:33,0
DA:36,0
DA:37,0
LF:13
LH:1
end_of_record
SF:lib/models/characters_response.dart
DA:4,0
DA:9,0
DA:10,0
DA:11,0
DA:12,0
DA:18,0
DA:25,0
DA:26,0
DA:27,0
DA:28,0
DA:29,0
DA:30,0
LF:12
LH:0
end_of_record
